Arguments: 
  /usr/local/Cellar/node/10.3.0/bin/node /usr/local/bin/yarn add babel-cli --dev

PATH: 
  /usr/local/bin:/usr/bin:/bin:/usr/sbin:/sbin

Yarn version: 
  1.7.0

Node version: 
  10.3.0

Platform: 
  darwin x64

Trace: 
  Error: https://registry.yarnpkg.com/babel-cli: tunneling socket could not be established, cause=connect EHOSTUNREACH 0.0.0.80:80 - Local (172.25.56.45:62726)
      at ClientRequest.onError (/usr/local/lib/node_modules/yarn/lib/cli.js:147299:17)
      at Object.onceWrapper (events.js:273:13)
      at ClientRequest.emit (events.js:182:13)
      at Socket.socketErrorListener (_http_client.js:382:9)
      at Socket.emit (events.js:182:13)
      at emitErrorNT (internal/streams/destroy.js:82:8)
      at emitErrorAndCloseNT (internal/streams/destroy.js:50:3)
      at process._tickCallback (internal/process/next_tick.js:63:19)

npm manifest: 
  {
    "name": "knp_js",
    "version": "1.0.0",
    "main": "index.js",
    "repository": "https://github.com/cornelsiclovan/knp_js.git",
    "author": "cornel.siclovan <cornel.siclovan@gmail.com>",
    "license": "MIT"
  }

yarn manifest: 
  No manifest

Lockfile: 
  # THIS IS AN AUTOGENERATED FILE. DO NOT EDIT THIS FILE DIRECTLY.
  # yarn lockfile v1
